<?xml version="1.0" encoding="UTF-8"?>
<testsuites name="jest tests" tests="11" failures="0" errors="0" time="1.085">
  <testsuite name="Memoria Highscore API" errors="0" failures="0" skipped="0" timestamp="2025-04-27T11:51:20" time="0.663" tests="1">
    <testcase classname="Memoria Highscore API GET / should return 200 and welcome text" name="Memoria Highscore API GET / should return 200 and welcome text" time="0.086">
    </testcase>
  </testsuite>
  <testsuite name="Highscore API Routes" errors="0" failures="0" skipped="0" timestamp="2025-04-27T11:51:21" time="0.222" tests="2">
    <testcase classname="Highscore API Routes should have a GET route for / handled by getHighscores" name="Highscore API Routes should have a GET route for / handled by getHighscores" time="0.002">
    </testcase>
    <testcase classname="Highscore API Routes should have a POST route for / handled by addHighscore" name="Highscore API Routes should have a POST route for / handled by addHighscore" time="0">
    </testcase>
  </testsuite>
  <testsuite name="Highscore Controller" errors="0" failures="0" skipped="0" timestamp="2025-04-27T11:51:21" time="0.134" tests="8">
    <testcase classname="Highscore Controller getHighscores success → returns 200 and the top 10 rows" name="Highscore Controller getHighscores success → returns 200 and the top 10 rows" time="0.002">
    </testcase>
    <testcase classname="Highscore Controller getHighscores error → returns 500 and an error message" name="Highscore Controller getHighscores error → returns 500 and an error message" time="0.002">
    </testcase>
    <testcase classname="Highscore Controller addHighscore valid payload → returns 201 Created" name="Highscore Controller addHighscore valid payload → returns 201 Created" time="0.002">
    </testcase>
    <testcase classname="Highscore Controller addHighscore trims whitespace from name before inserting" name="Highscore Controller addHighscore trims whitespace from name before inserting" time="0.001">
    </testcase>
    <testcase classname="Highscore Controller addHighscore invalid payload (empty name) → returns 400 Bad Request" name="Highscore Controller addHighscore invalid payload (empty name) → returns 400 Bad Request" time="0.001">
    </testcase>
    <testcase classname="Highscore Controller addHighscore invalid payload (non-string name) → returns 400 Bad Request" name="Highscore Controller addHighscore invalid payload (non-string name) → returns 400 Bad Request" time="0">
    </testcase>
    <testcase classname="Highscore Controller addHighscore invalid payload (non-number score) → returns 400 Bad Request" name="Highscore Controller addHighscore invalid payload (non-number score) → returns 400 Bad Request" time="0">
    </testcase>
    <testcase classname="Highscore Controller addHighscore DB error during insert → returns 500 Internal Server Error" name="Highscore Controller addHighscore DB error during insert → returns 500 Internal Server Error" time="0">
    </testcase>
  </testsuite>
</testsuites>