<?xml version="1.0" encoding="UTF-8"?>
<testsuites name="jest tests" tests="16" failures="0" errors="0" time="5.879">
  <testsuite name="Card" errors="0" failures="0" skipped="0" timestamp="2025-04-27T09:46:51" time="3.294" tests="1">
    <testcase classname="Card calls onClick when clicked" name="Card calls onClick when clicked" time="0.107">
    </testcase>
  </testsuite>
  <testsuite name="EnterNameModal" errors="0" failures="0" skipped="0" timestamp="2025-04-27T09:46:51" time="3.34" tests="5">
    <testcase classname="EnterNameModal renders modal and input elements" name="EnterNameModal renders modal and input elements" time="0.069">
    </testcase>
    <testcase classname="EnterNameModal calls onSubmit with entered name when &quot;Start&quot; is clicked" name="EnterNameModal calls onSubmit with entered name when &quot;Start&quot; is clicked" time="0.027">
    </testcase>
    <testcase classname="EnterNameModal calls onSubmit with &quot;Unknown Player&quot; when input is empty" name="EnterNameModal calls onSubmit with &quot;Unknown Player&quot; when input is empty" time="0.009">
    </testcase>
    <testcase classname="EnterNameModal calls onSubmit when Enter key is pressed" name="EnterNameModal calls onSubmit when Enter key is pressed" time="0.033">
    </testcase>
    <testcase classname="EnterNameModal trims whitespace from name before submitting" name="EnterNameModal trims whitespace from name before submitting" time="0.01">
    </testcase>
  </testsuite>
  <testsuite name="HighscoreModal" errors="0" failures="0" skipped="0" timestamp="2025-04-27T09:46:51" time="3.382" tests="4">
    <testcase classname="HighscoreModal renders heading and close button" name="HighscoreModal renders heading and close button" time="0.077">
    </testcase>
    <testcase classname="HighscoreModal displays high score entries with correct medals and scores" name="HighscoreModal displays high score entries with correct medals and scores" time="0.065">
    </testcase>
    <testcase classname="HighscoreModal highlights the correct player and score" name="HighscoreModal highlights the correct player and score" time="0.035">
    </testcase>
    <testcase classname="HighscoreModal calls onClose when Close button is clicked" name="HighscoreModal calls onClose when Close button is clicked" time="0.016">
    </testcase>
  </testsuite>
  <testsuite name="handleFlip function" errors="0" failures="0" skipped="0" timestamp="2025-04-27T09:46:51" time="3.435" tests="3">
    <testcase classname="handleFlip function flips one card and updates state" name="handleFlip function flips one card and updates state" time="0.187">
    </testcase>
    <testcase classname="handleFlip function flips two cards and resets if not matched" name="handleFlip function flips two cards and resets if not matched" time="0.036">
    </testcase>
    <testcase classname="handleFlip function marks matched cards and does not flip them back" name="handleFlip function marks matched cards and does not flip them back" time="0.02">
    </testcase>
  </testsuite>
  <testsuite name="App integration" errors="0" failures="0" skipped="0" timestamp="2025-04-27T09:46:51" time="3.877" tests="3">
    <testcase classname="App integration shows the EnterNameModal when &quot;Start Game&quot; is clicked" name="App integration shows the EnterNameModal when &quot;Start Game&quot; is clicked" time="0.198">
    </testcase>
    <testcase classname="App integration renders InfoPanel and GameBoard after entering name" name="App integration renders InfoPanel and GameBoard after entering name" time="0.08">
    </testcase>
    <testcase classname="App integration opens Highscore modal when Show Highscore is clicked" name="App integration opens Highscore modal when Show Highscore is clicked" time="0.11">
    </testcase>
  </testsuite>
</testsuites>